{
  "RSpec": {
    "coverage": {
      "/home/jspnlp/dinesh/e-commerce_glasses_app/spec/models/category_spec.rb": {
        "lines": [
          1,
          null,
          1,
          1,
          4,
          null,
          1,
          1,
          null,
          null,
          1,
          1,
          1,
          null,
          null,
          1,
          1,
          1,
          1,
          1,
          null,
          null,
          null
        ]
      },
      "/home/jspnlp/dinesh/e-commerce_glasses_app/spec/rails_helper.rb": {
        "lines": [
          null,
          1,
          null,
          1,
          1,
          null,
          1,
          1,
          1,
          null,
          null,
          null,
          null,
          null,
          null,
          null,
          null,
          null,
          null,
          null,
          null,
          null,
          null,
          null,
          null,
          null,
          null,
          null,
          null,
          1,
          null,
          0,
          null,
          1,
          null,
          1,
          null,
          null,
          1,
          null,
          null,
          null,
          1,
          null,
          null,
          null,
          null,
          null,
          null,
          null,
          null,
          null,
          null,
          null,
          null,
          null,
          null,
          null,
          null,
          null,
          1,
          null,
          null,
          null,
          1,
          null,
          null,
          null
        ]
      },
      "/home/jspnlp/dinesh/e-commerce_glasses_app/config/environment.rb": {
        "lines": [
          null,
          1,
          null,
          null,
          1
        ]
      },
      "/home/jspnlp/dinesh/e-commerce_glasses_app/config/application.rb": {
        "lines": [
          1,
          null,
          1,
          null,
          null,
          null,
          1,
          null,
          1,
          1,
          null,
          1,
          null,
          null,
          null,
          null,
          1,
          null,
          null,
          null,
          null,
          null,
          null,
          null,
          null,
          null,
          null,
          null,
          null,
          1,
          null,
          null
        ]
      },
      "/home/jspnlp/dinesh/e-commerce_glasses_app/config/boot.rb": {
        "lines": [
          1,
          null,
          1,
          1
        ]
      },
      "/home/jspnlp/dinesh/e-commerce_glasses_app/config/environments/test.rb": {
        "lines": [
          1,
          null,
          null,
          null,
          null,
          null,
          null,
          1,
          null,
          null,
          null,
          1,
          null,
          null,
          null,
          null,
          null,
          1,
          null,
          null,
          1,
          1,
          null,
          null,
          null,
          null,
          1,
          1,
          1,
          null,
          null,
          1,
          null,
          null,
          1,
          null,
          null,
          1,
          null,
          1,
          null,
          null,
          null,
          null,
          1,
          null,
          null,
          1,
          null,
          null,
          1,
          null,
          null,
          1,
          null,
          null,
          null,
          null,
          null,
          null,
          null,
          null,
          1,
          null
        ]
      },
      "/home/jspnlp/dinesh/e-commerce_glasses_app/config/initializers/cors.rb": {
        "lines": [
          null,
          null,
          null,
          null,
          null,
          null,
          null,
          null,
          null,
          null,
          null,
          null,
          null,
          null,
          null,
          null
        ]
      },
      "/home/jspnlp/dinesh/e-commerce_glasses_app/config/initializers/filter_parameter_logging.rb": {
        "lines": [
          null,
          null,
          null,
          null,
          null,
          1,
          null,
          null
        ]
      },
      "/home/jspnlp/dinesh/e-commerce_glasses_app/config/initializers/inflections.rb": {
        "lines": [
          null,
          null,
          null,
          null,
          null,
          null,
          null,
          null,
          null,
          null,
          null,
          null,
          null,
          null,
          null,
          null
        ]
      },
      "/home/jspnlp/dinesh/e-commerce_glasses_app/spec/factories/categories.rb": {
        "lines": [
          1,
          1,
          35,
          null,
          null
        ]
      },
      "/home/jspnlp/dinesh/e-commerce_glasses_app/spec/factories/orders.rb": {
        "lines": [
          1,
          1,
          11,
          11,
          11,
          null,
          null
        ]
      },
      "/home/jspnlp/dinesh/e-commerce_glasses_app/spec/factories/orders_products.rb": {
        "lines": [
          1,
          1,
          6,
          6,
          6,
          null,
          null
        ]
      },
      "/home/jspnlp/dinesh/e-commerce_glasses_app/spec/factories/product_colors.rb": {
        "lines": [
          1,
          1,
          14,
          14,
          null,
          null
        ]
      },
      "/home/jspnlp/dinesh/e-commerce_glasses_app/spec/factories/product_details.rb": {
        "lines": [
          1,
          1,
          31,
          32,
          32,
          32,
          32,
          32,
          null,
          null
        ]
      },
      "/home/jspnlp/dinesh/e-commerce_glasses_app/spec/factories/products.rb": {
        "lines": [
          1,
          1,
          11,
          11,
          11,
          null,
          null
        ]
      },
      "/home/jspnlp/dinesh/e-commerce_glasses_app/spec/factories/reviews.rb": {
        "lines": [
          1,
          1,
          8,
          8,
          8,
          8,
          null,
          null
        ]
      },
      "/home/jspnlp/dinesh/e-commerce_glasses_app/spec/factories/users.rb": {
        "lines": [
          1,
          1,
          37,
          36,
          37,
          37,
          36,
          37,
          37,
          37,
          null,
          null
        ]
      },
      "/home/jspnlp/dinesh/e-commerce_glasses_app/config/routes.rb": {
        "lines": [
          1,
          null,
          null,
          null,
          null,
          null,
          null,
          null,
          1,
          1,
          1,
          1,
          1,
          null,
          null,
          1,
          1,
          1,
          1,
          1,
          null,
          null,
          1,
          1,
          1,
          1,
          1,
          null,
          null,
          1,
          1,
          1,
          null,
          null,
          1,
          1,
          1,
          null,
          null,
          1,
          1,
          null,
          null,
          1,
          1,
          1,
          1,
          1,
          1,
          1,
          null,
          1,
          null,
          null,
          null,
          null
        ]
      },
      "/home/jspnlp/dinesh/e-commerce_glasses_app/spec/support/request_helpers.rb": {
        "lines": [
          1,
          1,
          0,
          0,
          0,
          0,
          null,
          null,
          1,
          0,
          null,
          null
        ]
      },
      "/home/jspnlp/dinesh/e-commerce_glasses_app/app/models/category.rb": {
        "lines": [
          1,
          null,
          1,
          null,
          1,
          null,
          null
        ]
      },
      "/home/jspnlp/dinesh/e-commerce_glasses_app/app/models/application_record.rb": {
        "lines": [
          1,
          1,
          null
        ]
      },
      "/home/jspnlp/dinesh/e-commerce_glasses_app/spec/models/order_spec.rb": {
        "lines": [
          1,
          null,
          1,
          1,
          6,
          null,
          1,
          1,
          null,
          null,
          1,
          1,
          1,
          null,
          null,
          1,
          1,
          1,
          null,
          null,
          1,
          1,
          1,
          null,
          null,
          1,
          1,
          1,
          null,
          null,
          null,
          null
        ]
      },
      "/home/jspnlp/dinesh/e-commerce_glasses_app/app/models/order.rb": {
        "lines": [
          1,
          1,
          1,
          1,
          null,
          1,
          1,
          null
        ]
      },
      "/home/jspnlp/dinesh/e-commerce_glasses_app/spec/models/orders_product_spec.rb": {
        "lines": [
          1,
          null,
          1,
          1,
          6,
          null,
          1,
          1,
          null,
          null,
          1,
          1,
          1,
          null,
          null,
          1,
          1,
          1,
          null,
          null,
          1,
          1,
          1,
          null,
          null,
          1,
          1,
          1,
          null,
          null,
          null,
          null
        ]
      },
      "/home/jspnlp/dinesh/e-commerce_glasses_app/app/models/orders_product.rb": {
        "lines": [
          1,
          1,
          1,
          null,
          1,
          null
        ]
      },
      "/home/jspnlp/dinesh/e-commerce_glasses_app/spec/models/product_color_spec.rb": {
        "lines": [
          1,
          null,
          1,
          1,
          4,
          null,
          1,
          1,
          null,
          null,
          1,
          1,
          1,
          null,
          null,
          1,
          1,
          1,
          null,
          null,
          null,
          null
        ]
      },
      "/home/jspnlp/dinesh/e-commerce_glasses_app/app/models/product_color.rb": {
        "lines": [
          1,
          1,
          1,
          1,
          null,
          1,
          null,
          1,
          null,
          1,
          10,
          null,
          null,
          null
        ]
      },
      "/home/jspnlp/dinesh/e-commerce_glasses_app/spec/models/product_detail_spec.rb": {
        "lines": [
          1,
          null,
          1,
          null,
          1,
          11,
          null,
          1,
          1,
          null,
          null,
          1,
          1,
          1,
          null,
          null,
          1,
          1,
          1,
          null,
          null,
          1,
          1,
          1,
          null,
          null,
          1,
          1,
          1,
          null,
          null,
          1,
          1,
          1,
          null,
          null,
          1,
          1,
          1,
          null,
          null,
          1,
          1,
          1,
          1,
          1,
          null,
          null,
          1,
          1,
          1,
          null,
          null,
          1,
          1,
          1,
          null,
          null,
          null,
          null
        ]
      },
      "/home/jspnlp/dinesh/e-commerce_glasses_app/app/models/product_detail.rb": {
        "lines": [
          1,
          1,
          1,
          1,
          1,
          null,
          1,
          1,
          1,
          1,
          null,
          1,
          14,
          14,
          null,
          null,
          null
        ]
      },
      "/home/jspnlp/dinesh/e-commerce_glasses_app/spec/models/product_spec.rb": {
        "lines": [
          1,
          null,
          1,
          1,
          6,
          null,
          1,
          1,
          null,
          null,
          1,
          1,
          1,
          null,
          null,
          1,
          1,
          1,
          null,
          null,
          1,
          1,
          1,
          null,
          null,
          1,
          1,
          1,
          null,
          null,
          null,
          null
        ]
      },
      "/home/jspnlp/dinesh/e-commerce_glasses_app/app/models/product.rb": {
        "lines": [
          1,
          1,
          1,
          1,
          null,
          1,
          1,
          null
        ]
      },
      "/home/jspnlp/dinesh/e-commerce_glasses_app/spec/models/review_spec.rb": {
        "lines": [
          1,
          null,
          1,
          null,
          1,
          8,
          null,
          1,
          1,
          null,
          null,
          1,
          1,
          1,
          null,
          null,
          1,
          1,
          1,
          null,
          null,
          1,
          1,
          1,
          null,
          null,
          1,
          1,
          1,
          null,
          null,
          1,
          1,
          1,
          null,
          null,
          1,
          1,
          1,
          null,
          null,
          null,
          null
        ]
      },
      "/home/jspnlp/dinesh/e-commerce_glasses_app/app/models/review.rb": {
        "lines": [
          1,
          1,
          1,
          null,
          1,
          1,
          null
        ]
      },
      "/home/jspnlp/dinesh/e-commerce_glasses_app/spec/models/user_spec.rb": {
        "lines": [
          1,
          null,
          1,
          1,
          18,
          null,
          1,
          1,
          null,
          null,
          1,
          1,
          1,
          null,
          null,
          1,
          1,
          1,
          null,
          null,
          1,
          1,
          1,
          null,
          null,
          1,
          1,
          1,
          null,
          null,
          1,
          1,
          1,
          null,
          null,
          1,
          1,
          1,
          null,
          null,
          1,
          1,
          1,
          null,
          null,
          1,
          1,
          1,
          null,
          null,
          1,
          1,
          1,
          null,
          null,
          1,
          1,
          1,
          null,
          null,
          1,
          1,
          1,
          null,
          null,
          1,
          1,
          1,
          null,
          null,
          1,
          1,
          1,
          null,
          null,
          1,
          1,
          1,
          null,
          null,
          1,
          1,
          1,
          1,
          1,
          null,
          null,
          1,
          1,
          1,
          1,
          1,
          null,
          null,
          null
        ]
      },
      "/home/jspnlp/dinesh/e-commerce_glasses_app/app/models/user.rb": {
        "lines": [
          1,
          1,
          null,
          1,
          1,
          null,
          null,
          1,
          null,
          null,
          null,
          null,
          1,
          1,
          null,
          1,
          1,
          null,
          1,
          null,
          1,
          null,
          null,
          null,
          null,
          null,
          null,
          null,
          null,
          null
        ]
      }
    },
    "timestamp": 1707841286
  }
}
